Base path: C:/Program Files/Unity/Editor/Data
Pipe name: \\.\pipe\UnityShaderCompiler-64bit-1-1252
Cmd: getPlatforms
Cmd: compileSnippet
  api=4 type=0 insize=1705 outsize=1290 kw=SOFTPARTICLES_OFF ok=1
Cmd: compileSnippet
  api=4 type=1 insize=1705 outsize=924 kw=SOFTPARTICLES_OFF ok=1
Cmd: compileSnippet
  api=4 type=0 insize=1642 outsize=1290 kw=SOFTPARTICLES_OFF ok=1
Cmd: compileSnippet
  api=4 type=1 insize=1642 outsize=924 kw=SOFTPARTICLES_OFF ok=1
Cmd: compileSnippet
  api=4 type=0 insize=1705 outsize=2314 kw=FOG_EXP2 SOFTPARTICLES_ON ok=1
Cmd: compileSnippet
  api=4 type=1 insize=1705 outsize=1826 kw=FOG_EXP2 SOFTPARTICLES_ON ok=1
Cmd: compileSnippet
  api=4 type=0 insize=1642 outsize=2314 kw=FOG_EXP2 SOFTPARTICLES_ON ok=1
Cmd: compileSnippet
  api=4 type=1 insize=1642 outsize=1973 kw=FOG_EXP2 SOFTPARTICLES_ON ok=1
Cmd: compileSnippet
  api=4 type=0 insize=41746 outsize=4727 kw=POINT FOG_EXP2 _TERRAIN_NORMAL_MAP ok=1
Cmd: compileSnippet
  api=4 type=1 insize=41746 outsize=5734 kw=POINT FOG_EXP2 _TERRAIN_NORMAL_MAP ok=1
Cmd: compileSnippet
  api=4 type=0 insize=6872 outsize=11097 kw=DIRECTIONAL SHADOWS_SCREEN LIGHTMAP_OFF DIRLIGHTMAP_OFF DYNAMICLIGHTMAP_OFF FOG_EXP2 VERTEXLIGHT_ON ok=1
Cmd: compileSnippet
  api=4 type=0 insize=3647 outsize=3069 kw=POINT FOG_EXP2 ok=1
Cmd: compileSnippet
  api=4 type=1 insize=3647 outsize=2119 kw=POINT FOG_EXP2 ok=1
Cmd: compileSnippet
  api=4 type=0 insize=5077 outsize=6953 kw=POINT FOG_EXP2 ok=1
Cmd: compileSnippet
  api=4 type=1 insize=5077 outsize=4166 kw=POINT FOG_EXP2 ok=1
Cmd: compileSnippet
  api=4 type=0 insize=4314 outsize=5905 kw=POINT FOG_EXP2 ok=1
Cmd: compileSnippet
  api=4 type=1 insize=4314 outsize=2363 kw=POINT FOG_EXP2 ok=1
Cmd: compileSnippet
  api=4 type=0 insize=3686 outsize=3069 kw=POINT FOG_EXP2 ok=1
Cmd: compileSnippet
  api=4 type=1 insize=3686 outsize=2298 kw=POINT FOG_EXP2 ok=1
Cmd: compileSnippet
  api=4 type=0 insize=1482 outsize=2038 kw=SOFTPARTICLES_ON ok=1
Cmd: compileSnippet
  api=4 type=1 insize=1482 outsize=1550 kw=SOFTPARTICLES_ON ok=1
Cmd: compileSnippet
  api=4 type=0 insize=1482 outsize=1290 kw=SOFTPARTICLES_OFF ok=1
Cmd: compileSnippet
  api=4 type=1 insize=1482 outsize=827 kw=SOFTPARTICLES_OFF ok=1
Cmd: compileSnippet
  api=4 type=0 insize=4918 outsize=4109 kw=POINT FOG_EXP2 ok=1
Cmd: compileSnippet
  api=4 type=1 insize=4918 outsize=3979 kw=POINT FOG_EXP2 ok=1
Cmd: compileSnippet
  api=4 type=0 insize=65644 outsize=7294 kw=DIRECTIONAL SHADOWS_SCREEN LIGHTMAP_OFF DIRLIGHTMAP_OFF DYNAMICLIGHTMAP_OFF FOG_EXP2 VERTEXLIGHT_ON _TERRAIN_NORMAL_MAP ok=1
Cmd: compileSnippet
  api=4 type=0 insize=6810 outsize=5783 kw=DIRECTIONAL SHADOWS_SCREEN LIGHTMAP_OFF DIRLIGHTMAP_OFF DYNAMICLIGHTMAP_OFF FOG_EXP2 VERTEXLIGHT_ON ok=1
Cmd: compileSnippet
  api=4 type=0 insize=7509 outsize=9659 kw=DIRECTIONAL SHADOWS_SCREEN LIGHTMAP_OFF DIRLIGHTMAP_OFF DYNAMICLIGHTMAP_OFF FOG_EXP2 VERTEXLIGHT_ON ok=1
Cmd: compileSnippet
  api=4 type=0 insize=7523 outsize=6636 kw=DIRECTIONAL SHADOWS_SCREEN LIGHTMAP_OFF DIRLIGHTMAP_OFF DYNAMICLIGHTMAP_OFF FOG_EXP2 VERTEXLIGHT_ON ok=1
Cmd: compileSnippet
  api=4 type=0 insize=7502 outsize=8619 kw=DIRECTIONAL SHADOWS_SCREEN LIGHTMAP_OFF DIRLIGHTMAP_OFF DYNAMICLIGHTMAP_OFF FOG_EXP2 VERTEXLIGHT_ON ok=1
Cmd: compileSnippet
  api=4 type=0 insize=6862 outsize=5783 kw=DIRECTIONAL SHADOWS_SCREEN LIGHTMAP_OFF DIRLIGHTMAP_OFF DYNAMICLIGHTMAP_OFF FOG_EXP2 VERTEXLIGHT_ON ok=1
